Information: Propagating switching activity (medium effort zero delay simulation). (PWR-6)
Warning: Design has unannotated primary inputs. (PWR-414)
Warning: Design has unannotated black box outputs. (PWR-428)
 
****************************************
Report : power
        -hier
        -analysis_effort medium
        -verbose
Design : arm
Version: J-2014.09-SP4
Date   : Fri Mar 24 13:42:19 2017
****************************************


Library(s) Used:

    saed32lvt_tt1p05vn40c (File: /users/ugrad2/2012/spring/pooriam/libraries/saed32lvt_tt1p05vn40c.db)


Operating Conditions: tt1p05vn40c   Library: saed32lvt_tt1p05vn40c
Wire Load Model Mode: enclosed

Design        Wire Load Model            Library
------------------------------------------------
arm                    ForQA             saed32lvt_tt1p05vn40c
controller             ForQA             saed32lvt_tt1p05vn40c
condlogic              ForQA             saed32lvt_tt1p05vn40c
condcheck              ForQA             saed32lvt_tt1p05vn40c


Global Operating Voltage = 1.05 
Power-specific unit information :
    Voltage Units = 1V
    Capacitance Units = 1.000000ff
    Time Units = 1ns
    Dynamic Power Units = 1uW    (derived from V,C,T units)
    Leakage Power Units = 1pW


--------------------------------------------------------------------------------
                                       Switch   Int      Leak     Total
Hierarchy                              Power    Power    Power    Power    %
--------------------------------------------------------------------------------
arm                                       3.287    3.176 2.42e+07   30.659 100.0
  c (controller)                          2.294    3.176 2.42e+07   29.666  96.8
    cl (condlogic)                        1.881    3.176 2.42e+07   29.254  95.4
      cc (condcheck)                      1.316    2.708 1.71e+07   21.158  69.0
1
