Warning: Detected use of obsolete/unsupported feature.  The following
	will not be available in a future release of the application:
	elaborate -update. Use plain elaborate instead (CMD-100)
Loading db file '/ecelib/linware/synopsys15/dc/libraries/syn/gtech.db'
Loading db file '/ecelib/linware/synopsys15/dc/libraries/syn/standard.sldb'
  Loading link library 'saed32lvt_tt1p05vn40c'
  Loading link library 'saed32sram_tt1p05vn40c'
  Loading link library 'gtech'
Running PRESTO HDLC
Presto compilation completed successfully.
Elaborated 1 design.
Current design is now 'arm'.
Information: Building the design 'controller'. (HDL-193)
Presto compilation completed successfully.
Warning: Cannot find the design 'datapath' in the library 'WORK'. (LBR-1)
Information: Building the design 'datapath'. (HDL-193)
Warning: Cannot find the design 'datapath' in the library 'WORK'. (LBR-1)
Warning: Cannot find the design 'decoder' in the library 'WORK'. (LBR-1)
Information: Building the design 'decoder'. (HDL-193)
Warning: Cannot find the design 'decoder' in the library 'WORK'. (LBR-1)
Information: Building the design 'condlogic'. (HDL-193)
Presto compilation completed successfully.
Warning: Cannot find the design 'flopenr' in the library 'WORK'. (LBR-1)
Information: Building the design 'flopenr' instantiated from design 'condlogic' with
	the parameters "2". (HDL-193)
Warning: Cannot find the design 'flopenr' in the library 'WORK'. (LBR-1)
Information: Building the design 'condcheck'. (HDL-193)

Statistics for case statements in always block at line 11 in file
	'/users/ugrad/2016/fall/jaredhl/EECS112L/Lab_again/design/condcheck.sv'
===============================================
|           Line           |  full/ parallel  |
===============================================
|            12            |    auto/auto     |
===============================================
Presto compilation completed successfully.
Warning: Design 'arm' has '3' unresolved references. For more detailed information, use the "link" command. (UID-341)
1
