analyze -format sverilog {    adder.sv    alu.sv    arm.sv    condcheck.sv    condlogic.sv    controller.sv    datapath.sv    decoder.sv    EXEregfile.sv    extend.sv    flopenr.sv    flopr.sv    IDregfile.sv    IFregfile.sv    immshift.sv    MEMregfile.sv    mux2.sv    regfile.sv    regshift.sv    shifter.sv    top.sv }Running PRESTO HDLC
Searching for ./adder.sv
Searching for /ecelib/linware/synopsys15/dc/libraries/syn/adder.sv
Searching for /ecelib/linware/synopsys15/dc/packages/adder.sv
Searching for /ecelib/linware/synopsys15/dc/packages/IEEE/adder.sv
Searching for /users/ugrad2/2012/spring/pooriam/libraries/adder.sv
Searching for /users/ugrad/2016/fall/jaredhl/EECS112L/Lab_again/design/adder.sv
Searching for ./alu.sv
Searching for /ecelib/linware/synopsys15/dc/libraries/syn/alu.sv
Searching for /ecelib/linware/synopsys15/dc/packages/alu.sv
Searching for /ecelib/linware/synopsys15/dc/packages/IEEE/alu.sv
Searching for /users/ugrad2/2012/spring/pooriam/libraries/alu.sv
Searching for /users/ugrad/2016/fall/jaredhl/EECS112L/Lab_again/design/alu.sv
Searching for ./arm.sv
Searching for /ecelib/linware/synopsys15/dc/libraries/syn/arm.sv
Searching for /ecelib/linware/synopsys15/dc/packages/arm.sv
Searching for /ecelib/linware/synopsys15/dc/packages/IEEE/arm.sv
Searching for /users/ugrad2/2012/spring/pooriam/libraries/arm.sv
Searching for /users/ugrad/2016/fall/jaredhl/EECS112L/Lab_again/design/arm.sv
Searching for ./condcheck.sv
Searching for /ecelib/linware/synopsys15/dc/libraries/syn/condcheck.sv
Searching for /ecelib/linware/synopsys15/dc/packages/condcheck.sv
Searching for /ecelib/linware/synopsys15/dc/packages/IEEE/condcheck.sv
Searching for /users/ugrad2/2012/spring/pooriam/libraries/condcheck.sv
Searching for /users/ugrad/2016/fall/jaredhl/EECS112L/Lab_again/design/condcheck.sv
Searching for ./condlogic.sv
Searching for /ecelib/linware/synopsys15/dc/libraries/syn/condlogic.sv
Searching for /ecelib/linware/synopsys15/dc/packages/condlogic.sv
Searching for /ecelib/linware/synopsys15/dc/packages/IEEE/condlogic.sv
Searching for /users/ugrad2/2012/spring/pooriam/libraries/condlogic.sv
Searching for /users/ugrad/2016/fall/jaredhl/EECS112L/Lab_again/design/condlogic.sv
Searching for ./controller.sv
Searching for /ecelib/linware/synopsys15/dc/libraries/syn/controller.sv
Searching for /ecelib/linware/synopsys15/dc/packages/controller.sv
Searching for /ecelib/linware/synopsys15/dc/packages/IEEE/controller.sv
Searching for /users/ugrad2/2012/spring/pooriam/libraries/controller.sv
Searching for /users/ugrad/2016/fall/jaredhl/EECS112L/Lab_again/design/controller.sv
Searching for ./datapath.sv
Searching for /ecelib/linware/synopsys15/dc/libraries/syn/datapath.sv
Searching for /ecelib/linware/synopsys15/dc/packages/datapath.sv
Searching for /ecelib/linware/synopsys15/dc/packages/IEEE/datapath.sv
Searching for /users/ugrad2/2012/spring/pooriam/libraries/datapath.sv
Searching for /users/ugrad/2016/fall/jaredhl/EECS112L/Lab_again/design/datapath.sv
Searching for ./decoder.sv
Searching for /ecelib/linware/synopsys15/dc/libraries/syn/decoder.sv
Searching for /ecelib/linware/synopsys15/dc/packages/decoder.sv
Searching for /ecelib/linware/synopsys15/dc/packages/IEEE/decoder.sv
Searching for /users/ugrad2/2012/spring/pooriam/libraries/decoder.sv
Searching for /users/ugrad/2016/fall/jaredhl/EECS112L/Lab_again/design/decoder.sv
Searching for ./EXEregfile.sv
Searching for /ecelib/linware/synopsys15/dc/libraries/syn/EXEregfile.sv
Searching for /ecelib/linware/synopsys15/dc/packages/EXEregfile.sv
Searching for /ecelib/linware/synopsys15/dc/packages/IEEE/EXEregfile.sv
Searching for /users/ugrad2/2012/spring/pooriam/libraries/EXEregfile.sv
Searching for /users/ugrad/2016/fall/jaredhl/EECS112L/Lab_again/design/EXEregfile.sv
Searching for ./extend.sv
Searching for /ecelib/linware/synopsys15/dc/libraries/syn/extend.sv
Searching for /ecelib/linware/synopsys15/dc/packages/extend.sv
Searching for /ecelib/linware/synopsys15/dc/packages/IEEE/extend.sv
Searching for /users/ugrad2/2012/spring/pooriam/libraries/extend.sv
Searching for /users/ugrad/2016/fall/jaredhl/EECS112L/Lab_again/design/extend.sv
Searching for ./flopenr.sv
Searching for /ecelib/linware/synopsys15/dc/libraries/syn/flopenr.sv
Searching for /ecelib/linware/synopsys15/dc/packages/flopenr.sv
Searching for /ecelib/linware/synopsys15/dc/packages/IEEE/flopenr.sv
Searching for /users/ugrad2/2012/spring/pooriam/libraries/flopenr.sv
Searching for /users/ugrad/2016/fall/jaredhl/EECS112L/Lab_again/design/flopenr.sv
Searching for ./flopr.sv
Searching for /ecelib/linware/synopsys15/dc/libraries/syn/flopr.sv
Searching for /ecelib/linware/synopsys15/dc/packages/flopr.sv
Searching for /ecelib/linware/synopsys15/dc/packages/IEEE/flopr.sv
Searching for /users/ugrad2/2012/spring/pooriam/libraries/flopr.sv
Searching for /users/ugrad/2016/fall/jaredhl/EECS112L/Lab_again/design/flopr.sv
Searching for ./IDregfile.sv
Searching for /ecelib/linware/synopsys15/dc/libraries/syn/IDregfile.sv
Searching for /ecelib/linware/synopsys15/dc/packages/IDregfile.sv
Searching for /ecelib/linware/synopsys15/dc/packages/IEEE/IDregfile.sv
Searching for /users/ugrad2/2012/spring/pooriam/libraries/IDregfile.sv
Searching for /users/ugrad/2016/fall/jaredhl/EECS112L/Lab_again/design/IDregfile.sv
Searching for ./IFregfile.sv
Searching for /ecelib/linware/synopsys15/dc/libraries/syn/IFregfile.sv
Searching for /ecelib/linware/synopsys15/dc/packages/IFregfile.sv
Searching for /ecelib/linware/synopsys15/dc/packages/IEEE/IFregfile.sv
Searching for /users/ugrad2/2012/spring/pooriam/libraries/IFregfile.sv
Searching for /users/ugrad/2016/fall/jaredhl/EECS112L/Lab_again/design/IFregfile.sv
Searching for ./immshift.sv
Searching for /ecelib/linware/synopsys15/dc/libraries/syn/immshift.sv
Searching for /ecelib/linware/synopsys15/dc/packages/immshift.sv
Searching for /ecelib/linware/synopsys15/dc/packages/IEEE/immshift.sv
Searching for /users/ugrad2/2012/spring/pooriam/libraries/immshift.sv
Searching for /users/ugrad/2016/fall/jaredhl/EECS112L/Lab_again/design/immshift.sv
Searching for ./MEMregfile.sv
Searching for /ecelib/linware/synopsys15/dc/libraries/syn/MEMregfile.sv
Searching for /ecelib/linware/synopsys15/dc/packages/MEMregfile.sv
Searching for /ecelib/linware/synopsys15/dc/packages/IEEE/MEMregfile.sv
Searching for /users/ugrad2/2012/spring/pooriam/libraries/MEMregfile.sv
Searching for /users/ugrad/2016/fall/jaredhl/EECS112L/Lab_again/design/MEMregfile.sv
Searching for ./mux2.sv
Searching for /ecelib/linware/synopsys15/dc/libraries/syn/mux2.sv
Searching for /ecelib/linware/synopsys15/dc/packages/mux2.sv
Searching for /ecelib/linware/synopsys15/dc/packages/IEEE/mux2.sv
Searching for /users/ugrad2/2012/spring/pooriam/libraries/mux2.sv
Searching for /users/ugrad/2016/fall/jaredhl/EECS112L/Lab_again/design/mux2.sv
Searching for ./regfile.sv
Searching for /ecelib/linware/synopsys15/dc/libraries/syn/regfile.sv
Searching for /ecelib/linware/synopsys15/dc/packages/regfile.sv
Searching for /ecelib/linware/synopsys15/dc/packages/IEEE/regfile.sv
Searching for /users/ugrad2/2012/spring/pooriam/libraries/regfile.sv
Searching for /users/ugrad/2016/fall/jaredhl/EECS112L/Lab_again/design/regfile.sv
Searching for ./regshift.sv
Searching for /ecelib/linware/synopsys15/dc/libraries/syn/regshift.sv
Searching for /ecelib/linware/synopsys15/dc/packages/regshift.sv
Searching for /ecelib/linware/synopsys15/dc/packages/IEEE/regshift.sv
Searching for /users/ugrad2/2012/spring/pooriam/libraries/regshift.sv
Searching for /users/ugrad/2016/fall/jaredhl/EECS112L/Lab_again/design/regshift.sv
Searching for ./shifter.sv
Searching for /ecelib/linware/synopsys15/dc/libraries/syn/shifter.sv
Searching for /ecelib/linware/synopsys15/dc/packages/shifter.sv
Searching for /ecelib/linware/synopsys15/dc/packages/IEEE/shifter.sv
Searching for /users/ugrad2/2012/spring/pooriam/libraries/shifter.sv
Searching for /users/ugrad/2016/fall/jaredhl/EECS112L/Lab_again/design/shifter.sv
Searching for ./top.sv
Searching for /ecelib/linware/synopsys15/dc/libraries/syn/top.sv
Searching for /ecelib/linware/synopsys15/dc/packages/top.sv
Searching for /ecelib/linware/synopsys15/dc/packages/IEEE/top.sv
Searching for /users/ugrad2/2012/spring/pooriam/libraries/top.sv
Searching for /users/ugrad/2016/fall/jaredhl/EECS112L/Lab_again/design/top.sv
Compiling source file /users/ugrad/2016/fall/jaredhl/EECS112L/Lab_again/design/adder.sv
Compiling source file /users/ugrad/2016/fall/jaredhl/EECS112L/Lab_again/design/alu.sv
Compiling source file /users/ugrad/2016/fall/jaredhl/EECS112L/Lab_again/design/arm.sv
Compiling source file /users/ugrad/2016/fall/jaredhl/EECS112L/Lab_again/design/condcheck.sv
Compiling source file /users/ugrad/2016/fall/jaredhl/EECS112L/Lab_again/design/condlogic.sv
Compiling source file /users/ugrad/2016/fall/jaredhl/EECS112L/Lab_again/design/controller.sv
Compiling source file /users/ugrad/2016/fall/jaredhl/EECS112L/Lab_again/design/datapath.sv
Warning:  /users/ugrad/2016/fall/jaredhl/EECS112L/Lab_again/design/datapath.sv:33: the undeclared symbol 'ResultToPC' assumed to have the default net type, which is 'wire'. (VER-936)
Warning:  /users/ugrad/2016/fall/jaredhl/EECS112L/Lab_again/design/datapath.sv:44: the undeclared symbol 'SrcAE' assumed to have the default net type, which is 'wire'. (VER-936)
Warning:  /users/ugrad/2016/fall/jaredhl/EECS112L/Lab_again/design/datapath.sv:44: the undeclared symbol 'SrcBE' assumed to have the default net type, which is 'wire'. (VER-936)
Warning:  /users/ugrad/2016/fall/jaredhl/EECS112L/Lab_again/design/datapath.sv:44: the undeclared symbol 'ExtImmE' assumed to have the default net type, which is 'wire'. (VER-936)
Warning:  /users/ugrad/2016/fall/jaredhl/EECS112L/Lab_again/design/datapath.sv:50: the undeclared symbol 'ALUResultE' assumed to have the default net type, which is 'wire'. (VER-936)
Warning:  /users/ugrad/2016/fall/jaredhl/EECS112L/Lab_again/design/datapath.sv:50: the undeclared symbol 'WriteDataE' assumed to have the default net type, which is 'wire'. (VER-936)
Warning:  /users/ugrad/2016/fall/jaredhl/EECS112L/Lab_again/design/datapath.sv:52: the undeclared symbol 'ReadDataW' assumed to have the default net type, which is 'wire'. (VER-936)
Warning:  /users/ugrad/2016/fall/jaredhl/EECS112L/Lab_again/design/datapath.sv:56: the undeclared symbol 'ALUOutW' assumed to have the default net type, which is 'wire'. (VER-936)
Error:  /users/ugrad/2016/fall/jaredhl/EECS112L/Lab_again/design/datapath.sv:56: Instance name symbol EXErf already defined. (VER-289)
Compiling source file /users/ugrad/2016/fall/jaredhl/EECS112L/Lab_again/design/decoder.sv
Error:  Cannot recover from previous errors. (VER-518)
*** Presto compilation terminated with 2 errors. ***
Loading db file '/users/ugrad2/2012/spring/pooriam/libraries/saed32lvt_tt1p05vn40c.db'
Loading db file '/users/ugrad2/2012/spring/pooriam/libraries/saed32sram_tt1p05vn40c.db'
Loading db file '/ecelib/linware/synopsys15/dc/libraries/syn/dw_foundation.sldb'
0
0
